<?xml version="1.0" encoding="UTF-8"?>
<!-- Generated by org.testng.reporters.JUnitReportReporter -->
<testsuite hostname="BaharUddin" name="com.bahar.automation.test.FindFlightTest" tests="2" failures="0" timestamp="27 Jan 2017 09:10:56 GMT" time="5.143" errors="0">
  <testcase name="checkTitle" time="3.433" classname="com.bahar.automation.test.FindFlightTest"/>
  <testcase name="checkFlightDetails" time="1.710" classname="com.bahar.automation.test.FindFlightTest"/>
</testsuite> <!-- com.bahar.automation.test.FindFlightTest -->
