<?xml version="1.0" encoding="UTF-8"?>
<!-- Generated by org.testng.reporters.JUnitReportReporter -->
<testsuite hostname="BaharUddin" name="com.bahar.automation.test.BookFlightTest" tests="2" failures="0" timestamp="27 Jan 2017 07:06:06 GMT" time="22.912" errors="0">
  <testcase name="checkTitle" time="19.844" classname="com.bahar.automation.test.BookFlightTest"/>
  <testcase name="checkBookFlightDetails" time="3.068" classname="com.bahar.automation.test.BookFlightTest"/>
</testsuite> <!-- com.bahar.automation.test.BookFlightTest -->
