<?xml version="1.0" encoding="UTF-8"?>
<!-- Generated by org.testng.reporters.JUnitReportReporter -->
<testsuite hostname="BaharUddin" name="com.bahar.automation.test.HomeTest" tests="3" failures="0" timestamp="27 Jan 2017 07:06:06 GMT" time="16.185" errors="0">
  <testcase name="checkTitle" time="12.459" classname="com.bahar.automation.test.HomeTest"/>
  <testcase name="checkMenu" time="0.426" classname="com.bahar.automation.test.HomeTest"/>
  <testcase name="checkLogin" time="3.300" classname="com.bahar.automation.test.HomeTest"/>
</testsuite> <!-- com.bahar.automation.test.HomeTest -->
