<?xml version="1.0" encoding="UTF-8"?>
<!-- Generated by org.testng.reporters.JUnitReportReporter -->
<testsuite hostname="BaharUddin" name="com.bahar.automation.test.FindFlightTest" tests="2" failures="0" timestamp="27 Jan 2017 07:06:06 GMT" time="4.955" errors="0">
  <testcase name="checkFlightDetails" time="2.206" classname="com.bahar.automation.test.FindFlightTest"/>
  <testcase name="checkTitle" time="2.749" classname="com.bahar.automation.test.FindFlightTest"/>
</testsuite> <!-- com.bahar.automation.test.FindFlightTest -->
