<?xml version="1.0" encoding="UTF-8"?>
<!-- Generated by org.testng.reporters.JUnitReportReporter -->
<testsuite hostname="BaharUddin" name="com.bahar.automation.test.HomeTest" tests="3" failures="0" timestamp="26 Jan 2017 10:47:33 GMT" time="14.966" errors="0">
  <testcase name="checkTitle" time="11.632" classname="com.bahar.automation.test.HomeTest"/>
  <testcase name="checkLogin" time="2.938" classname="com.bahar.automation.test.HomeTest"/>
  <testcase name="checkMenu" time="0.396" classname="com.bahar.automation.test.HomeTest"/>
</testsuite> <!-- com.bahar.automation.test.HomeTest -->
