<?xml version="1.0" encoding="UTF-8"?>
<!-- Generated by org.testng.reporters.JUnitReportReporter -->
<testsuite hostname="BaharUddin" name="com.bahar.automation.test.SelectFlightTest" tests="2" failures="0" timestamp="26 Jan 2017 10:47:33 GMT" time="1.001" errors="0">
  <testcase name="selectFlightDetails" time="0.249" classname="com.bahar.automation.test.SelectFlightTest"/>
  <testcase name="checkTitle" time="0.752" classname="com.bahar.automation.test.SelectFlightTest"/>
</testsuite> <!-- com.bahar.automation.test.SelectFlightTest -->
