<?xml version="1.0" encoding="UTF-8"?>
<!-- Generated by org.testng.reporters.JUnitReportReporter -->
<testsuite hostname="BaharUddin" name="com.bahar.automation.test.FindFlightTest" tests="2" failures="0" timestamp="26 Jan 2017 10:47:33 GMT" time="5.692" errors="0">
  <testcase name="checkFlightDetails" time="2.228" classname="com.bahar.automation.test.FindFlightTest"/>
  <testcase name="checkTitle" time="3.464" classname="com.bahar.automation.test.FindFlightTest"/>
</testsuite> <!-- com.bahar.automation.test.FindFlightTest -->
