<?xml version="1.0" encoding="UTF-8"?>
<!-- Generated by org.testng.reporters.JUnitReportReporter -->
<testsuite hostname="BaharUddin" name="com.bahar.automation.test.BookFlightTest" tests="2" failures="0" timestamp="27 Jan 2017 09:10:56 GMT" time="5.006" errors="0">
  <testcase name="checkTitle" time="0.941" classname="com.bahar.automation.test.BookFlightTest"/>
  <testcase name="checkBookFlightDetails" time="4.065" classname="com.bahar.automation.test.BookFlightTest"/>
</testsuite> <!-- com.bahar.automation.test.BookFlightTest -->
