<?xml version="1.0" encoding="UTF-8"?>
<!-- Generated by org.testng.reporters.JUnitReportReporter -->
<testsuite hostname="BaharUddin" name="com.bahar.automation.test.HomeTest" tests="3" failures="0" timestamp="25 Jan 2017 11:32:53 GMT" time="22.301" errors="0">
  <testcase name="checkTitle" time="0.037" classname="com.bahar.automation.test.HomeTest"/>
  <testcase name="checkLogin" time="21.856" classname="com.bahar.automation.test.HomeTest"/>
  <testcase name="checkMenu" time="0.408" classname="com.bahar.automation.test.HomeTest"/>
</testsuite> <!-- com.bahar.automation.test.HomeTest -->
