<?xml version="1.0" encoding="UTF-8"?>
<!-- Generated by org.testng.reporters.JUnitReportReporter -->
<testsuite hostname="BaharUddin" name="com.bahar.automation.test.SelectFlightTest" tests="2" failures="0" timestamp="27 Jan 2017 09:10:56 GMT" time="1.168" errors="0">
  <testcase name="checkTitle" time="0.972" classname="com.bahar.automation.test.SelectFlightTest"/>
  <testcase name="selectFlightDetails" time="0.196" classname="com.bahar.automation.test.SelectFlightTest"/>
</testsuite> <!-- com.bahar.automation.test.SelectFlightTest -->
