<?xml version="1.0" encoding="UTF-8"?>
<!-- Generated by org.testng.reporters.JUnitReportReporter -->
<testsuite hostname="BaharUddin" name="com.bahar.automation.test.HomeTest" tests="3" failures="0" timestamp="27 Jan 2017 09:10:56 GMT" time="19.884" errors="0">
  <testcase name="checkTitle" time="16.140" classname="com.bahar.automation.test.HomeTest"/>
  <testcase name="checkMenu" time="0.676" classname="com.bahar.automation.test.HomeTest"/>
  <testcase name="checkLogin" time="3.068" classname="com.bahar.automation.test.HomeTest"/>
</testsuite> <!-- com.bahar.automation.test.HomeTest -->
